  Проверка источников на наличие зависимостей модуля…
  pch.cpp
  ComplexTest.cpp
C:\Users\Димон\Source\Repos\CppLab5\MathLibTests\ComplexTest.cpp(4,12): warning C5050: Возможная несовместимая среда при импорте модуля "Math": _GUARDOVERFLOW_CRT_ALLOCATORS=1 is defined in module command line and not in current command line
  RationalTest.cpp
C:\Users\Димон\Source\Repos\CppLab5\MathLibTests\RationalTest.cpp(4,12): warning C5050: Возможная несовместимая среда при импорте модуля "Math": _GUARDOVERFLOW_CRT_ALLOCATORS=1 is defined in module command line and not in current command line
  Создание кода...
ComplexTest.obj : error LNK2019: ссылка на неразрешенный внешний символ "public: double __cdecl Math::Complex::Re(void)const " (?Re@Complex@Math@@QEBANXZ::<!Math>) в функции "void __cdecl Math::Test::ExpectComplexHasReAndIm(double,double,class Math::Complex const &)" (?ExpectComplexHasReAndIm@Test@Math@@YAXNNAEBVComplex@2@@Z).
ComplexTest.obj : error LNK2019: ссылка на неразрешенный внешний символ "public: double __cdecl Math::Complex::Im(void)const " (?Im@Complex@Math@@QEBANXZ::<!Math>) в функции "void __cdecl Math::Test::ExpectComplexHasReAndIm(double,double,class Math::Complex const &)" (?ExpectComplexHasReAndIm@Test@Math@@YAXNNAEBVComplex@2@@Z).
ComplexTest.obj : error LNK2019: ссылка на неразрешенный внешний символ "public: double __cdecl Math::Complex::Mod(void)const " (?Mod@Complex@Math@@QEBANXZ::<!Math>) в функции "void __cdecl Math::Test::ExpectComplexHasReAndIm(double,double,class Math::Complex const &)" (?ExpectComplexHasReAndIm@Test@Math@@YAXNNAEBVComplex@2@@Z).
ComplexTest.obj : error LNK2019: ссылка на неразрешенный внешний символ "public: double __cdecl Math::Complex::Arg(void)const " (?Arg@Complex@Math@@QEBANXZ::<!Math>) в функции "void __cdecl Math::Test::ExpectComplexHasReAndIm(double,double,class Math::Complex const &)" (?ExpectComplexHasReAndIm@Test@Math@@YAXNNAEBVComplex@2@@Z).
ComplexTest.obj : error LNK2019: ссылка на неразрешенный внешний символ "public: __cdecl Math::Complex::Complex(void)" (??0Complex@Math@@QEAA@XZ::<!Math>) в функции "private: virtual void __cdecl Math::Test::ComplexTest_TestDefaultConstructor_Test::TestBody(void)" (?TestBody@ComplexTest_TestDefaultConstructor_Test@Test@Math@@EEAAXXZ).
ComplexTest.obj : error LNK2019: ссылка на неразрешенный внешний символ "public: __cdecl Math::Complex::Complex(double)" (??0Complex@Math@@QEAA@N@Z::<!Math>) в функции "private: virtual void __cdecl Math::Test::ComplexTest_TestConversionConstructor_Test::TestBody(void)" (?TestBody@ComplexTest_TestConversionConstructor_Test@Test@Math@@EEAAXXZ).
ComplexTest.obj : error LNK2019: ссылка на неразрешенный внешний символ "public: __cdecl Math::Complex::Complex(double,double)" (??0Complex@Math@@QEAA@NN@Z::<!Math>) в функции "private: virtual void __cdecl Math::Test::ComplexTest_TestConversionConstructor2_Test::TestBody(void)" (?TestBody@ComplexTest_TestConversionConstructor2_Test@Test@Math@@EEAAXXZ).
ComplexTest.obj : error LNK2019: ссылка на неразрешенный внешний символ "public: static class Math::Complex __cdecl Math::Complex::FromAlgebraicForm(double,double)" (?FromAlgebraicForm@Complex@Math@@SA?AV12@NN@Z::<!Math>) в функции "private: virtual void __cdecl Math::Test::ComplexTest_TestCreateFromAlgebraicForm_Test::TestBody(void)" (?TestBody@ComplexTest_TestCreateFromAlgebraicForm_Test@Test@Math@@EEAAXXZ).
ComplexTest.obj : error LNK2019: ссылка на неразрешенный внешний символ "public: static class Math::Complex __cdecl Math::Complex::FromExponentialForm(double,double)" (?FromExponentialForm@Complex@Math@@SA?AV12@NN@Z::<!Math>) в функции "private: virtual void __cdecl Math::Test::ComplexTest_TestCreateFromExponentialForm_Test::TestBody(void)" (?TestBody@ComplexTest_TestCreateFromExponentialForm_Test@Test@Math@@EEAAXXZ).
ComplexTest.obj : error LNK2019: ссылка на неразрешенный внешний символ "public: __cdecl Math::Complex::operator double(void)const " (??BComplex@Math@@QEBANXZ::<!Math>) в функции "private: virtual void __cdecl Math::Test::ComplexTest_TestExplicitCastToDouble_Test::TestBody(void)" (?TestBody@ComplexTest_TestExplicitCastToDouble_Test@Test@Math@@EEAAXXZ).
ComplexTest.obj : error LNK2019: ссылка на неразрешенный внешний символ "public: class Math::Complex __cdecl Math::Complex::operator-(void)" (??GComplex@Math@@QEAA?AV01@XZ::<!Math>) в функции "private: virtual void __cdecl Math::Test::ComplexTest_TestUnaryMinus_Test::TestBody(void)" (?TestBody@ComplexTest_TestUnaryMinus_Test@Test@Math@@EEAAXXZ).
ComplexTest.obj : error LNK2019: ссылка на неразрешенный внешний символ "public: class Math::Complex & __cdecl Math::Complex::operator++(void)" (??EComplex@Math@@QEAAAEAV01@XZ::<!Math>) в функции "private: virtual void __cdecl Math::Test::ComplexTest_TestPrefixIncrement_Test::TestBody(void)" (?TestBody@ComplexTest_TestPrefixIncrement_Test@Test@Math@@EEAAXXZ).
ComplexTest.obj : error LNK2019: ссылка на неразрешенный внешний символ "public: class Math::Complex __cdecl Math::Complex::operator++(int)" (??EComplex@Math@@QEAA?AV01@H@Z::<!Math>) в функции "private: virtual void __cdecl Math::Test::ComplexTest_TestPostfixIncrement_Test::TestBody(void)" (?TestBody@ComplexTest_TestPostfixIncrement_Test@Test@Math@@EEAAXXZ).
ComplexTest.obj : error LNK2019: ссылка на неразрешенный внешний символ "public: class Math::Complex & __cdecl Math::Complex::operator--(void)" (??FComplex@Math@@QEAAAEAV01@XZ::<!Math>) в функции "private: virtual void __cdecl Math::Test::ComplexTest_TestPrefixDecrement_Test::TestBody(void)" (?TestBody@ComplexTest_TestPrefixDecrement_Test@Test@Math@@EEAAXXZ).
ComplexTest.obj : error LNK2019: ссылка на неразрешенный внешний символ "public: class Math::Complex __cdecl Math::Complex::operator--(int)" (??FComplex@Math@@QEAA?AV01@H@Z::<!Math>) в функции "private: virtual void __cdecl Math::Test::ComplexTest_TestPostfixDecrement_Test::TestBody(void)" (?TestBody@ComplexTest_TestPostfixDecrement_Test@Test@Math@@EEAAXXZ).
ComplexTest.obj : error LNK2019: ссылка на неразрешенный внешний символ "public: class Math::Complex & __cdecl Math::Complex::operator+=(class Math::Complex const &)" (??YComplex@Math@@QEAAAEAV01@AEBV01@@Z::<!Math>) в функции "private: virtual void __cdecl Math::Test::ComplexTest_TestAddAndAssign_Test::TestBody(void)" (?TestBody@ComplexTest_TestAddAndAssign_Test@Test@Math@@EEAAXXZ).
ComplexTest.obj : error LNK2019: ссылка на неразрешенный внешний символ "public: class Math::Complex & __cdecl Math::Complex::operator-=(class Math::Complex const &)" (??ZComplex@Math@@QEAAAEAV01@AEBV01@@Z::<!Math>) в функции "private: virtual void __cdecl Math::Test::ComplexTest_TestSubAndAssign_Test::TestBody(void)" (?TestBody@ComplexTest_TestSubAndAssign_Test@Test@Math@@EEAAXXZ).
ComplexTest.obj : error LNK2019: ссылка на неразрешенный внешний символ "public: class Math::Complex & __cdecl Math::Complex::operator*=(class Math::Complex const &)" (??XComplex@Math@@QEAAAEAV01@AEBV01@@Z::<!Math>) в функции "private: virtual void __cdecl Math::Test::ComplexTest_TestMulAndAssign_Test::TestBody(void)" (?TestBody@ComplexTest_TestMulAndAssign_Test@Test@Math@@EEAAXXZ).
ComplexTest.obj : error LNK2019: ссылка на неразрешенный внешний символ "public: class Math::Complex & __cdecl Math::Complex::operator/=(class Math::Complex const &)" (??_0Complex@Math@@QEAAAEAV01@AEBV01@@Z::<!Math>) в функции "private: virtual void __cdecl Math::Test::ComplexTest_TestDivAndAssign_Test::TestBody(void)" (?TestBody@ComplexTest_TestDivAndAssign_Test@Test@Math@@EEAAXXZ).
ComplexTest.obj : error LNK2019: ссылка на неразрешенный внешний символ "class Math::Complex __cdecl Math::operator+(class Math::Complex const &,class Math::Complex const &)" (??HMath@@YA?AVComplex@0@AEBV10@0@Z::<!Math>) в функции "void __cdecl Math::Test::ExpectComplexHaveDifferentSign(class Math::Complex const &,class Math::Complex const &)" (?ExpectComplexHaveDifferentSign@Test@Math@@YAXAEBVComplex@2@0@Z).
ComplexTest.obj : error LNK2019: ссылка на неразрешенный внешний символ "class Math::Complex __cdecl Math::operator*(class Math::Complex const &,class Math::Complex const &)" (??DMath@@YA?AVComplex@0@AEBV10@0@Z::<!Math>) в функции "void __cdecl Math::Test::ExpectZ2IsReciprocalForZ1(class Math::Complex const &,class Math::Complex const &)" (?ExpectZ2IsReciprocalForZ1@Test@Math@@YAXAEBVComplex@2@0@Z).
ComplexTest.obj : error LNK2019: ссылка на неразрешенный внешний символ "class Math::Complex __cdecl Math::operator-(class Math::Complex const &,class Math::Complex const &)" (??GMath@@YA?AVComplex@0@AEBV10@0@Z::<!Math>) в функции "private: virtual void __cdecl Math::Test::ComplexTest_TestSub_Test::TestBody(void)" (?TestBody@ComplexTest_TestSub_Test@Test@Math@@EEAAXXZ).
ComplexTest.obj : error LNK2019: ссылка на неразрешенный внешний символ "class Math::Complex __cdecl Math::operator/(class Math::Complex const &,class Math::Complex const &)" (??KMath@@YA?AVComplex@0@AEBV10@0@Z::<!Math>) в функции "private: virtual void __cdecl Math::Test::ComplexTest_TestDiv_Test::TestBody(void)" (?TestBody@ComplexTest_TestDiv_Test@Test@Math@@EEAAXXZ).
ComplexTest.obj : error LNK2019: ссылка на неразрешенный внешний символ "class Complex::Complex __cdecl Math::operator "" i(long double)" (??__Ki@Math@@YA?AVComplex@1@O@Z::<!Math>) в функции "private: virtual void __cdecl Math::Test::ComplexTest_TestUserDefinedLiterals_Test::TestBody(void)" (?TestBody@ComplexTest_TestUserDefinedLiterals_Test@Test@Math@@EEAAXXZ).
RationalTest.obj : error LNK2019: ссылка на неразрешенный внешний символ "public: __cdecl Math::Rational::Rational(void)" (??0Rational@Math@@QEAA@XZ::<!Math>) в функции "private: virtual void __cdecl Math::Test::RationalTest_TestDefaultInitialization_Test::TestBody(void)" (?TestBody@RationalTest_TestDefaultInitialization_Test@Test@Math@@EEAAXXZ).
RationalTest.obj : error LNK2019: ссылка на неразрешенный внешний символ "public: __cdecl Math::Rational::Rational(int,int)" (??0Rational@Math@@QEAA@HH@Z::<!Math>) в функции "void __cdecl Math::Test::ExpectRationalHaveDifferentSign(class Math::Rational const &,class Math::Rational const &)" (?ExpectRationalHaveDifferentSign@Test@Math@@YAXAEBVRational@2@0@Z).
RationalTest.obj : error LNK2019: ссылка на неразрешенный внешний символ "public: __cdecl Math::Rational::Rational(int)" (??0Rational@Math@@QEAA@H@Z::<!Math>) в функции "void __cdecl Math::Test::ExpectR2IsReciprocalForR1(class Math::Rational const &,class Math::Rational const &)" (?ExpectR2IsReciprocalForR1@Test@Math@@YAXAEBVRational@2@0@Z).
RationalTest.obj : error LNK2019: ссылка на неразрешенный внешний символ "public: int __cdecl Math::Rational::Nominator(void)const " (?Nominator@Rational@Math@@QEBAHXZ::<!Math>) в функции "void __cdecl Math::Test::ExpectRationalHasNominatorAndDenominator(int,int,class Math::Rational const &)" (?ExpectRationalHasNominatorAndDenominator@Test@Math@@YAXHHAEBVRational@2@@Z).
RationalTest.obj : error LNK2019: ссылка на неразрешенный внешний символ "public: int __cdecl Math::Rational::Denominator(void)const " (?Denominator@Rational@Math@@QEBAHXZ::<!Math>) в функции "void __cdecl Math::Test::ExpectRationalHasNominatorAndDenominator(int,int,class Math::Rational const &)" (?ExpectRationalHasNominatorAndDenominator@Test@Math@@YAXHHAEBVRational@2@@Z).
RationalTest.obj : error LNK2019: ссылка на неразрешенный внешний символ "public: __cdecl Math::Rational::operator double(void)const " (??BRational@Math@@QEBANXZ::<!Math>) в функции "private: virtual void __cdecl Math::Test::RationalTest_TestExplicitCastToDouble_Test::TestBody(void)" (?TestBody@RationalTest_TestExplicitCastToDouble_Test@Test@Math@@EEAAXXZ).
RationalTest.obj : error LNK2019: ссылка на неразрешенный внешний символ "public: class Math::Rational __cdecl Math::Rational::operator-(void)" (??GRational@Math@@QEAA?AV01@XZ::<!Math>) в функции "private: virtual void __cdecl Math::Test::RationalTest_TestUnaryMinus_Test::TestBody(void)" (?TestBody@RationalTest_TestUnaryMinus_Test@Test@Math@@EEAAXXZ).
RationalTest.obj : error LNK2019: ссылка на неразрешенный внешний символ "public: class Math::Rational & __cdecl Math::Rational::operator++(void)" (??ERational@Math@@QEAAAEAV01@XZ::<!Math>) в функции "private: virtual void __cdecl Math::Test::RationalTest_TestPrefixIncrement_Test::TestBody(void)" (?TestBody@RationalTest_TestPrefixIncrement_Test@Test@Math@@EEAAXXZ).
RationalTest.obj : error LNK2019: ссылка на неразрешенный внешний символ "public: class Math::Rational __cdecl Math::Rational::operator++(int)" (??ERational@Math@@QEAA?AV01@H@Z::<!Math>) в функции "private: virtual void __cdecl Math::Test::RationalTest_TestPostfixIncrement_Test::TestBody(void)" (?TestBody@RationalTest_TestPostfixIncrement_Test@Test@Math@@EEAAXXZ).
RationalTest.obj : error LNK2019: ссылка на неразрешенный внешний символ "public: class Math::Rational & __cdecl Math::Rational::operator--(void)" (??FRational@Math@@QEAAAEAV01@XZ::<!Math>) в функции "private: virtual void __cdecl Math::Test::RationalTest_TestPrefixDecrement_Test::TestBody(void)" (?TestBody@RationalTest_TestPrefixDecrement_Test@Test@Math@@EEAAXXZ).
RationalTest.obj : error LNK2019: ссылка на неразрешенный внешний символ "public: class Math::Rational __cdecl Math::Rational::operator--(int)" (??FRational@Math@@QEAA?AV01@H@Z::<!Math>) в функции "private: virtual void __cdecl Math::Test::RationalTest_TestPostfixDecrement_Test::TestBody(void)" (?TestBody@RationalTest_TestPostfixDecrement_Test@Test@Math@@EEAAXXZ).
RationalTest.obj : error LNK2019: ссылка на неразрешенный внешний символ "public: bool __cdecl Math::Rational::operator==(class Math::Rational)" (??8Rational@Math@@QEAA_NV01@@Z::<!Math>) в функции "private: virtual void __cdecl Math::Test::RationalTest_TestEqualNumberComparison_Test::TestBody(void)" (?TestBody@RationalTest_TestEqualNumberComparison_Test@Test@Math@@EEAAXXZ).
RationalTest.obj : error LNK2019: ссылка на неразрешенный внешний символ "public: bool __cdecl Math::Rational::operator!=(class Math::Rational)" (??9Rational@Math@@QEAA_NV01@@Z::<!Math>) в функции "private: virtual void __cdecl Math::Test::RationalTest_TestEqualNumberComparison_Test::TestBody(void)" (?TestBody@RationalTest_TestEqualNumberComparison_Test@Test@Math@@EEAAXXZ).
RationalTest.obj : error LNK2019: ссылка на неразрешенный внешний символ "public: bool __cdecl Math::Rational::operator>(class Math::Rational)" (??ORational@Math@@QEAA_NV01@@Z::<!Math>) в функции "private: virtual void __cdecl Math::Test::RationalTest_TestEqualNumberComparison_Test::TestBody(void)" (?TestBody@RationalTest_TestEqualNumberComparison_Test@Test@Math@@EEAAXXZ).
RationalTest.obj : error LNK2019: ссылка на неразрешенный внешний символ "public: bool __cdecl Math::Rational::operator<(class Math::Rational)" (??MRational@Math@@QEAA_NV01@@Z::<!Math>) в функции "private: virtual void __cdecl Math::Test::RationalTest_TestEqualNumberComparison_Test::TestBody(void)" (?TestBody@RationalTest_TestEqualNumberComparison_Test@Test@Math@@EEAAXXZ).
RationalTest.obj : error LNK2019: ссылка на неразрешенный внешний символ "public: bool __cdecl Math::Rational::operator>=(class Math::Rational)" (??PRational@Math@@QEAA_NV01@@Z::<!Math>) в функции "private: virtual void __cdecl Math::Test::RationalTest_TestEqualNumberComparison_Test::TestBody(void)" (?TestBody@RationalTest_TestEqualNumberComparison_Test@Test@Math@@EEAAXXZ).
RationalTest.obj : error LNK2019: ссылка на неразрешенный внешний символ "public: bool __cdecl Math::Rational::operator<=(class Math::Rational)" (??NRational@Math@@QEAA_NV01@@Z::<!Math>) в функции "private: virtual void __cdecl Math::Test::RationalTest_TestEqualNumberComparison_Test::TestBody(void)" (?TestBody@RationalTest_TestEqualNumberComparison_Test@Test@Math@@EEAAXXZ).
RationalTest.obj : error LNK2019: ссылка на неразрешенный внешний символ "public: class Math::Rational & __cdecl Math::Rational::operator+=(class Math::Rational const &)" (??YRational@Math@@QEAAAEAV01@AEBV01@@Z::<!Math>) в функции "private: virtual void __cdecl Math::Test::RationalTest_TestAddAndAssign_Test::TestBody(void)" (?TestBody@RationalTest_TestAddAndAssign_Test@Test@Math@@EEAAXXZ).
RationalTest.obj : error LNK2019: ссылка на неразрешенный внешний символ "public: class Math::Rational & __cdecl Math::Rational::operator-=(class Math::Rational const &)" (??ZRational@Math@@QEAAAEAV01@AEBV01@@Z::<!Math>) в функции "private: virtual void __cdecl Math::Test::RationalTest_TestSubAndAssign_Test::TestBody(void)" (?TestBody@RationalTest_TestSubAndAssign_Test@Test@Math@@EEAAXXZ).
RationalTest.obj : error LNK2019: ссылка на неразрешенный внешний символ "public: class Math::Rational & __cdecl Math::Rational::operator*=(class Math::Rational const &)" (??XRational@Math@@QEAAAEAV01@AEBV01@@Z::<!Math>) в функции "private: virtual void __cdecl Math::Test::RationalTest_TestMulAndAssign_Test::TestBody(void)" (?TestBody@RationalTest_TestMulAndAssign_Test@Test@Math@@EEAAXXZ).
RationalTest.obj : error LNK2019: ссылка на неразрешенный внешний символ "public: class Math::Rational & __cdecl Math::Rational::operator/=(class Math::Rational const &)" (??_0Rational@Math@@QEAAAEAV01@AEBV01@@Z::<!Math>) в функции "private: virtual void __cdecl Math::Test::RationalTest_TestDivAndAssign_Test::TestBody(void)" (?TestBody@RationalTest_TestDivAndAssign_Test@Test@Math@@EEAAXXZ).
RationalTest.obj : error LNK2019: ссылка на неразрешенный внешний символ "class Math::Rational __cdecl Math::operator+(class Math::Rational const &,class Math::Rational const &)" (??HMath@@YA?AVRational@0@AEBV10@0@Z::<!Math>) в функции "void __cdecl Math::Test::ExpectRationalHaveDifferentSign(class Math::Rational const &,class Math::Rational const &)" (?ExpectRationalHaveDifferentSign@Test@Math@@YAXAEBVRational@2@0@Z).
RationalTest.obj : error LNK2019: ссылка на неразрешенный внешний символ "class Math::Rational __cdecl Math::operator*(class Math::Rational const &,class Math::Rational const &)" (??DMath@@YA?AVRational@0@AEBV10@0@Z::<!Math>) в функции "void __cdecl Math::Test::ExpectR2IsReciprocalForR1(class Math::Rational const &,class Math::Rational const &)" (?ExpectR2IsReciprocalForR1@Test@Math@@YAXAEBVRational@2@0@Z).
RationalTest.obj : error LNK2019: ссылка на неразрешенный внешний символ "int __cdecl Math::FindGreatestCommonDivisor(int,int)" (?FindGreatestCommonDivisor@Math@@YAHHH@Z::<!Math>) в функции "private: virtual void __cdecl Math::Test::MathAlgorithmsTest_TestGCD_Test::TestBody(void)" (?TestBody@MathAlgorithmsTest_TestGCD_Test@Test@Math@@EEAAXXZ).
RationalTest.obj : error LNK2019: ссылка на неразрешенный внешний символ "int __cdecl Math::FindLeastCommonMultiple(int,int)" (?FindLeastCommonMultiple@Math@@YAHHH@Z::<!Math>) в функции "private: virtual void __cdecl Math::Test::MathAlgorithmsTest_TestLCM_Test::TestBody(void)" (?TestBody@MathAlgorithmsTest_TestLCM_Test@Test@Math@@EEAAXXZ).
RationalTest.obj : error LNK2019: ссылка на неразрешенный внешний символ "class Math::Rational __cdecl Math::operator-(class Math::Rational const &,class Math::Rational const &)" (??GMath@@YA?AVRational@0@AEBV10@0@Z::<!Math>) в функции "private: virtual void __cdecl Math::Test::RationalTest_TestSub_Test::TestBody(void)" (?TestBody@RationalTest_TestSub_Test@Test@Math@@EEAAXXZ).
RationalTest.obj : error LNK2019: ссылка на неразрешенный внешний символ "class Math::Rational __cdecl Math::operator/(class Math::Rational const &,class Math::Rational const &)" (??KMath@@YA?AVRational@0@AEBV10@0@Z::<!Math>) в функции "private: virtual void __cdecl Math::Test::RationalTest_TestDiv_Test::TestBody(void)" (?TestBody@RationalTest_TestDiv_Test@Test@Math@@EEAAXXZ).
C:\Users\Димон\source\repos\CppLab5\bin\Debug\x64\MathLibTests.exe : fatal error LNK1120: неразрешенных внешних элементов: 51
